{
  "RSpec": {
    "coverage": {
      "/Users/waqasikram/Desktop/@LL/Coding_Related/Makers/April22/takeaway-challenge/spec/menu_spec.rb": {
        "lines": [
          1,
          null,
          1,
          null,
          6,
          null,
          1,
          5,
          null,
          null,
          null,
          null,
          null,
          null,
          null,
          1,
          1,
          null,
          null,
          1,
          1,
          1,
          null,
          null,
          1,
          1,
          null,
          null,
          1,
          1,
          null,
          null,
          1,
          1,
          null,
          null
        ]
      },
      "/Users/waqasikram/Desktop/@LL/Coding_Related/Makers/April22/takeaway-challenge/lib/menu.rb": {
        "lines": [
          1,
          null,
          1,
          null,
          1,
          5,
          null,
          null,
          1,
          1,
          4,
          null,
          null,
          null,
          1,
          2,
          null,
          null,
          1,
          1,
          null,
          null
        ]
      },
      "/Users/waqasikram/Desktop/@LL/Coding_Related/Makers/April22/takeaway-challenge/spec/order_spec.rb": {
        "lines": [
          1,
          1,
          null,
          1,
          3,
          null,
          4,
          null,
          1,
          1,
          null,
          null,
          null,
          null,
          null,
          1,
          3,
          3,
          null,
          3,
          3,
          null,
          null,
          1,
          1,
          1,
          1,
          null,
          null,
          1,
          1,
          1,
          null,
          null,
          1,
          1,
          1,
          1,
          1,
          null,
          null,
          null,
          null
        ]
      },
      "/Users/waqasikram/Desktop/@LL/Coding_Related/Makers/April22/takeaway-challenge/lib/order.rb": {
        "lines": [
          1,
          null,
          1,
          null,
          1,
          2,
          2,
          null,
          null,
          1,
          4,
          4,
          null,
          null,
          1,
          1,
          null,
          null,
          1,
          null,
          1,
          null,
          1,
          1,
          2,
          null,
          null,
          null,
          null,
          null,
          1
        ]
      },
      "/Users/waqasikram/Desktop/@LL/Coding_Related/Makers/April22/takeaway-challenge/spec/sms_spec.rb": {
        "lines": [
          1,
          null,
          1,
          2,
          null,
          2,
          2,
          null,
          1,
          null,
          1,
          null,
          null,
          null,
          null,
          null,
          null,
          null,
          1,
          null,
          1,
          null,
          null,
          null,
          null,
          1,
          1,
          1,
          null,
          null,
          null
        ]
      },
      "/Users/waqasikram/Desktop/@LL/Coding_Related/Makers/April22/takeaway-challenge/lib/sms.rb": {
        "lines": [
          1,
          null,
          1,
          null,
          1,
          null,
          1,
          1,
          1,
          null,
          null,
          1,
          1,
          null,
          null,
          1,
          null,
          1,
          null,
          1,
          null,
          1,
          null,
          null,
          null,
          null,
          1,
          1,
          null,
          null
        ]
      },
      "/Users/waqasikram/Desktop/@LL/Coding_Related/Makers/April22/takeaway-challenge/spec/takeaway_spec.rb": {
        "lines": [
          1,
          null,
          1,
          5,
          null,
          5,
          5,
          5,
          5,
          null,
          4,
          null,
          1,
          4,
          null,
          null,
          1,
          1,
          null,
          null,
          1,
          1,
          1,
          null,
          null,
          1,
          1,
          1,
          null,
          null,
          1,
          1,
          1,
          null,
          null
        ]
      },
      "/Users/waqasikram/Desktop/@LL/Coding_Related/Makers/April22/takeaway-challenge/lib/takeaway.rb": {
        "lines": [
          1,
          1,
          null,
          1,
          1,
          4,
          4,
          4,
          null,
          null,
          1,
          1,
          null,
          null,
          1,
          3,
          3,
          3,
          null,
          null,
          1,
          null,
          1,
          null,
          1,
          3,
          6,
          null,
          null,
          null
        ]
      }
    },
    "timestamp": 1650990786
  }
}
